[32msuccess[39m: User Fetched saved
[32msuccess[39m: User Saved
[32msuccess[39m: User Saved
[32msuccess[39m: User Saved
[32msuccess[39m: User Saved
[32msuccess[39m: Login successfull
[32msuccess[39m: Authenticated successfully
[34minfo[39m: Invalidated Token pushed
[32msuccess[39m: User Saved
[32msuccess[39m: User Saved
[32msuccess[39m: Login successfull
[32msuccess[39m: Login successfull
[32msuccess[39m: Login successfull
[32msuccess[39m: Login successfull
[32msuccess[39m: Login successfull
[32msuccess[39m: Login successfull
[32msuccess[39m: Login successfull
[32msuccess[39m: Login successfull
[32msuccess[39m: Login successfull
[32msuccess[39m: Login successfull
[32msuccess[39m: Login successfull
[32msuccess[39m: Login successfull
[32msuccess[39m: Login successfull
[32msuccess[39m: Login successfull
[32msuccess[39m: Login successfull
[32msuccess[39m: Login successfull
[32msuccess[39m: Login successfull
[32msuccess[39m: User Saved
[32msuccess[39m: User Saved
[32msuccess[39m: User Saved
[32msuccess[39m: User Saved
[32msuccess[39m: User Saved
[32msuccess[39m: Login successfull
[32msuccess[39m: Login successfull
[32msuccess[39m: Login successfull
[32msuccess[39m: Login successfull
[32msuccess[39m: Login successfull
[32msuccess[39m: Login successfull
[32msuccess[39m: Login successfull
[32msuccess[39m: Login successfull
